{"/Users/dheerajdoppalapudi/Desktop/Templates/server/src/app.js": {"path":"/Users/dheerajdoppalapudi/Desktop/Templates/server/src/app.js","statementMap":{"0":{"start":{"line":8,"column":0},"end":{"line":8,"column":16}},"1":{"start":{"line":11,"column":12},"end":{"line":11,"column":21}},"2":{"start":{"line":14,"column":0},"end":{"line":14,"column":24}},"3":{"start":{"line":15,"column":0},"end":{"line":15,"column":27}},"4":{"start":{"line":18,"column":0},"end":{"line":18,"column":34}},"5":{"start":{"line":21,"column":0},"end":{"line":24,"column":3}},"6":{"start":{"line":22,"column":4},"end":{"line":22,"column":29}},"7":{"start":{"line":23,"column":4},"end":{"line":23,"column":61}}},"fnMap":{"0":{"name":"(anonymous_0)","decl":{"start":{"line":21,"column":8},"end":{"line":21,"column":9}},"loc":{"start":{"line":21,"column":33},"end":{"line":24,"column":1}},"line":21}},"branchMap":{},"s":{"0":2,"1":2,"2":2,"3":2,"4":2,"5":2,"6":0,"7":0},"f":{"0":0},"b":{},"inputSourceMap":null,"_coverageSchema":"1a1c01bbd47fc00a2c39e90264f33305004495a9","hash":"1048776b989c40251e06358943aa8859b9110c7a"}
,"/Users/dheerajdoppalapudi/Desktop/Templates/server/src/config/corsConfig.js": {"path":"/Users/dheerajdoppalapudi/Desktop/Templates/server/src/config/corsConfig.js","statementMap":{"0":{"start":{"line":1,"column":20},"end":{"line":6,"column":3}}},"fnMap":{},"branchMap":{},"s":{"0":2},"f":{},"b":{},"inputSourceMap":null,"_coverageSchema":"1a1c01bbd47fc00a2c39e90264f33305004495a9","hash":"1564126ae31ea886c6c921a08036bd7e654df74b"}
,"/Users/dheerajdoppalapudi/Desktop/Templates/server/src/controllers/userController.js": {"path":"/Users/dheerajdoppalapudi/Desktop/Templates/server/src/controllers/userController.js","statementMap":{"0":{"start":{"line":6,"column":0},"end":{"line":6,"column":16}},"1":{"start":{"line":7,"column":19},"end":{"line":7,"column":62}},"2":{"start":{"line":9,"column":24},"end":{"line":45,"column":1}},"3":{"start":{"line":10,"column":46},"end":{"line":10,"column":54}},"4":{"start":{"line":12,"column":2},"end":{"line":14,"column":3}},"5":{"start":{"line":13,"column":4},"end":{"line":13,"column":78}},"6":{"start":{"line":17,"column":24},"end":{"line":17,"column":85}},"7":{"start":{"line":19,"column":2},"end":{"line":21,"column":3}},"8":{"start":{"line":20,"column":4},"end":{"line":20,"column":75}},"9":{"start":{"line":23,"column":25},"end":{"line":23,"column":56}},"10":{"start":{"line":25,"column":2},"end":{"line":44,"column":3}},"11":{"start":{"line":26,"column":17},"end":{"line":33,"column":6}},"12":{"start":{"line":36,"column":52},"end":{"line":36,"column":56}},"13":{"start":{"line":38,"column":4},"end":{"line":41,"column":7}},"14":{"start":{"line":43,"column":4},"end":{"line":43,"column":75}},"15":{"start":{"line":47,"column":21},"end":{"line":82,"column":1}},"16":{"start":{"line":48,"column":33},"end":{"line":48,"column":41}},"17":{"start":{"line":50,"column":2},"end":{"line":52,"column":3}},"18":{"start":{"line":51,"column":4},"end":{"line":51,"column":67}},"19":{"start":{"line":54,"column":2},"end":{"line":81,"column":3}},"20":{"start":{"line":56,"column":17},"end":{"line":56,"column":66}},"21":{"start":{"line":57,"column":4},"end":{"line":57,"column":77}},"22":{"start":{"line":57,"column":15},"end":{"line":57,"column":77}},"23":{"start":{"line":59,"column":20},"end":{"line":59,"column":65}},"24":{"start":{"line":60,"column":4},"end":{"line":60,"column":80}},"25":{"start":{"line":60,"column":18},"end":{"line":60,"column":80}},"26":{"start":{"line":63,"column":18},"end":{"line":69,"column":6}},"27":{"start":{"line":72,"column":52},"end":{"line":72,"column":56}},"28":{"start":{"line":74,"column":4},"end":{"line":77,"column":7}},"29":{"start":{"line":79,"column":4},"end":{"line":79,"column":41}},"30":{"start":{"line":80,"column":4},"end":{"line":80,"column":52}},"31":{"start":{"line":84,"column":26},"end":{"line":96,"column":1}},"32":{"start":{"line":85,"column":2},"end":{"line":95,"column":3}},"33":{"start":{"line":86,"column":17},"end":{"line":86,"column":77}},"34":{"start":{"line":87,"column":4},"end":{"line":87,"column":72}},"35":{"start":{"line":87,"column":15},"end":{"line":87,"column":72}},"36":{"start":{"line":90,"column":49},"end":{"line":90,"column":53}},"37":{"start":{"line":92,"column":4},"end":{"line":92,"column":44}},"38":{"start":{"line":94,"column":4},"end":{"line":94,"column":63}},"39":{"start":{"line":98,"column":29},"end":{"line":117,"column":1}},"40":{"start":{"line":99,"column":20},"end":{"line":99,"column":28}},"41":{"start":{"line":101,"column":2},"end":{"line":116,"column":3}},"42":{"start":{"line":102,"column":24},"end":{"line":105,"column":6}},"43":{"start":{"line":108,"column":49},"end":{"line":108,"column":60}},"44":{"start":{"line":110,"column":4},"end":{"line":113,"column":7}},"45":{"start":{"line":115,"column":4},"end":{"line":115,"column":64}},"46":{"start":{"line":119,"column":27},"end":{"line":136,"column":1}},"47":{"start":{"line":120,"column":2},"end":{"line":135,"column":3}},"48":{"start":{"line":121,"column":18},"end":{"line":130,"column":6}},"49":{"start":{"line":132,"column":4},"end":{"line":132,"column":32}},"50":{"start":{"line":134,"column":4},"end":{"line":134,"column":61}}},"fnMap":{"0":{"name":"(anonymous_0)","decl":{"start":{"line":9,"column":24},"end":{"line":9,"column":25}},"loc":{"start":{"line":9,"column":44},"end":{"line":45,"column":1}},"line":9},"1":{"name":"(anonymous_1)","decl":{"start":{"line":47,"column":21},"end":{"line":47,"column":22}},"loc":{"start":{"line":47,"column":41},"end":{"line":82,"column":1}},"line":47},"2":{"name":"(anonymous_2)","decl":{"start":{"line":84,"column":26},"end":{"line":84,"column":27}},"loc":{"start":{"line":84,"column":46},"end":{"line":96,"column":1}},"line":84},"3":{"name":"(anonymous_3)","decl":{"start":{"line":98,"column":29},"end":{"line":98,"column":30}},"loc":{"start":{"line":98,"column":49},"end":{"line":117,"column":1}},"line":98},"4":{"name":"(anonymous_4)","decl":{"start":{"line":119,"column":27},"end":{"line":119,"column":28}},"loc":{"start":{"line":119,"column":47},"end":{"line":136,"column":1}},"line":119}},"branchMap":{"0":{"loc":{"start":{"line":7,"column":19},"end":{"line":7,"column":62}},"type":"binary-expr","locations":[{"start":{"line":7,"column":19},"end":{"line":7,"column":41}},{"start":{"line":7,"column":45},"end":{"line":7,"column":62}}],"line":7},"1":{"loc":{"start":{"line":12,"column":2},"end":{"line":14,"column":3}},"type":"if","locations":[{"start":{"line":12,"column":2},"end":{"line":14,"column":3}},{"start":{},"end":{}}],"line":12},"2":{"loc":{"start":{"line":12,"column":6},"end":{"line":12,"column":25}},"type":"binary-expr","locations":[{"start":{"line":12,"column":6},"end":{"line":12,"column":12}},{"start":{"line":12,"column":16},"end":{"line":12,"column":25}}],"line":12},"3":{"loc":{"start":{"line":17,"column":24},"end":{"line":17,"column":85}},"type":"binary-expr","locations":[{"start":{"line":17,"column":24},"end":{"line":17,"column":32}},{"start":{"line":17,"column":36},"end":{"line":17,"column":85}}],"line":17},"4":{"loc":{"start":{"line":19,"column":2},"end":{"line":21,"column":3}},"type":"if","locations":[{"start":{"line":19,"column":2},"end":{"line":21,"column":3}},{"start":{},"end":{}}],"line":19},"5":{"loc":{"start":{"line":31,"column":14},"end":{"line":31,"column":28}},"type":"binary-expr","locations":[{"start":{"line":31,"column":14},"end":{"line":31,"column":18}},{"start":{"line":31,"column":22},"end":{"line":31,"column":28}}],"line":31},"6":{"loc":{"start":{"line":50,"column":2},"end":{"line":52,"column":3}},"type":"if","locations":[{"start":{"line":50,"column":2},"end":{"line":52,"column":3}},{"start":{},"end":{}}],"line":50},"7":{"loc":{"start":{"line":57,"column":4},"end":{"line":57,"column":77}},"type":"if","locations":[{"start":{"line":57,"column":4},"end":{"line":57,"column":77}},{"start":{},"end":{}}],"line":57},"8":{"loc":{"start":{"line":60,"column":4},"end":{"line":60,"column":80}},"type":"if","locations":[{"start":{"line":60,"column":4},"end":{"line":60,"column":80}},{"start":{},"end":{}}],"line":60},"9":{"loc":{"start":{"line":87,"column":4},"end":{"line":87,"column":72}},"type":"if","locations":[{"start":{"line":87,"column":4},"end":{"line":87,"column":72}},{"start":{},"end":{}}],"line":87}},"s":{"0":2,"1":2,"2":2,"3":9,"4":9,"5":1,"6":8,"7":8,"8":2,"9":6,"10":6,"11":6,"12":5,"13":5,"14":1,"15":2,"16":6,"17":6,"18":1,"19":5,"20":5,"21":5,"22":1,"23":4,"24":4,"25":1,"26":3,"27":3,"28":3,"29":0,"30":0,"31":2,"32":2,"33":2,"34":2,"35":0,"36":2,"37":2,"38":0,"39":2,"40":2,"41":2,"42":2,"43":2,"44":2,"45":0,"46":2,"47":2,"48":2,"49":2,"50":0},"f":{"0":9,"1":6,"2":2,"3":2,"4":2},"b":{"0":[2,0],"1":[1,8],"2":[9,8],"3":[8,2],"4":[2,6],"5":[6,2],"6":[1,5],"7":[1,4],"8":[1,3],"9":[0,2]},"inputSourceMap":null,"_coverageSchema":"1a1c01bbd47fc00a2c39e90264f33305004495a9","hash":"24344e4402acca858fcb17c32cf89d12c6100166"}
,"/Users/dheerajdoppalapudi/Desktop/Templates/server/src/middleware/auth.js": {"path":"/Users/dheerajdoppalapudi/Desktop/Templates/server/src/middleware/auth.js","statementMap":{"0":{"start":{"line":4,"column":0},"end":{"line":8,"column":1}},"1":{"start":{"line":5,"column":4},"end":{"line":5,"column":41}},"2":{"start":{"line":7,"column":4},"end":{"line":7,"column":20}},"3":{"start":{"line":10,"column":19},"end":{"line":10,"column":62}},"4":{"start":{"line":12,"column":28},"end":{"line":24,"column":1}},"5":{"start":{"line":13,"column":18},"end":{"line":13,"column":58}},"6":{"start":{"line":14,"column":4},"end":{"line":14,"column":71}},"7":{"start":{"line":14,"column":16},"end":{"line":14,"column":71}},"8":{"start":{"line":16,"column":4},"end":{"line":23,"column":5}},"9":{"start":{"line":17,"column":24},"end":{"line":17,"column":53}},"10":{"start":{"line":18,"column":8},"end":{"line":18,"column":27}},"11":{"start":{"line":19,"column":8},"end":{"line":19,"column":15}},"12":{"start":{"line":21,"column":8},"end":{"line":21,"column":27}},"13":{"start":{"line":22,"column":8},"end":{"line":22,"column":64}},"14":{"start":{"line":26,"column":28},"end":{"line":31,"column":1}},"15":{"start":{"line":27,"column":4},"end":{"line":29,"column":5}},"16":{"start":{"line":28,"column":8},"end":{"line":28,"column":81}},"17":{"start":{"line":30,"column":4},"end":{"line":30,"column":11}},"18":{"start":{"line":33,"column":25},"end":{"line":40,"column":1}},"19":{"start":{"line":34,"column":4},"end":{"line":39,"column":6}},"20":{"start":{"line":35,"column":8},"end":{"line":37,"column":9}},"21":{"start":{"line":36,"column":12},"end":{"line":36,"column":90}},"22":{"start":{"line":38,"column":8},"end":{"line":38,"column":15}}},"fnMap":{"0":{"name":"(anonymous_0)","decl":{"start":{"line":12,"column":28},"end":{"line":12,"column":29}},"loc":{"start":{"line":12,"column":48},"end":{"line":24,"column":1}},"line":12},"1":{"name":"(anonymous_1)","decl":{"start":{"line":26,"column":28},"end":{"line":26,"column":29}},"loc":{"start":{"line":26,"column":48},"end":{"line":31,"column":1}},"line":26},"2":{"name":"(anonymous_2)","decl":{"start":{"line":33,"column":25},"end":{"line":33,"column":26}},"loc":{"start":{"line":33,"column":36},"end":{"line":40,"column":1}},"line":33},"3":{"name":"(anonymous_3)","decl":{"start":{"line":34,"column":11},"end":{"line":34,"column":12}},"loc":{"start":{"line":34,"column":31},"end":{"line":39,"column":5}},"line":34}},"branchMap":{"0":{"loc":{"start":{"line":4,"column":0},"end":{"line":8,"column":1}},"type":"if","locations":[{"start":{"line":4,"column":0},"end":{"line":8,"column":1}},{"start":{"line":6,"column":7},"end":{"line":8,"column":1}}],"line":4},"1":{"loc":{"start":{"line":10,"column":19},"end":{"line":10,"column":62}},"type":"binary-expr","locations":[{"start":{"line":10,"column":19},"end":{"line":10,"column":41}},{"start":{"line":10,"column":45},"end":{"line":10,"column":62}}],"line":10},"2":{"loc":{"start":{"line":14,"column":4},"end":{"line":14,"column":71}},"type":"if","locations":[{"start":{"line":14,"column":4},"end":{"line":14,"column":71}},{"start":{},"end":{}}],"line":14},"3":{"loc":{"start":{"line":27,"column":4},"end":{"line":29,"column":5}},"type":"if","locations":[{"start":{"line":27,"column":4},"end":{"line":29,"column":5}},{"start":{},"end":{}}],"line":27},"4":{"loc":{"start":{"line":35,"column":8},"end":{"line":37,"column":9}},"type":"if","locations":[{"start":{"line":35,"column":8},"end":{"line":37,"column":9}},{"start":{},"end":{}}],"line":35}},"s":{"0":3,"1":3,"2":0,"3":3,"4":3,"5":16,"6":16,"7":5,"8":11,"9":11,"10":9,"11":9,"12":2,"13":2,"14":3,"15":6,"16":3,"17":3,"18":3,"19":2,"20":2,"21":1,"22":1},"f":{"0":16,"1":6,"2":2,"3":2},"b":{"0":[3,0],"1":[3,0],"2":[5,11],"3":[3,3],"4":[1,1]},"inputSourceMap":null,"_coverageSchema":"1a1c01bbd47fc00a2c39e90264f33305004495a9","hash":"a8e0c9d931578067b9409ddb2de15bd52c385751"}
,"/Users/dheerajdoppalapudi/Desktop/Templates/server/src/routes/userRoutes.js": {"path":"/Users/dheerajdoppalapudi/Desktop/Templates/server/src/routes/userRoutes.js","statementMap":{"0":{"start":{"line":5,"column":15},"end":{"line":5,"column":31}},"1":{"start":{"line":8,"column":0},"end":{"line":8,"column":35}},"2":{"start":{"line":9,"column":0},"end":{"line":9,"column":29}},"3":{"start":{"line":12,"column":0},"end":{"line":12,"column":49}},"4":{"start":{"line":13,"column":0},"end":{"line":13,"column":52}},"5":{"start":{"line":16,"column":0},"end":{"line":16,"column":68}}},"fnMap":{},"branchMap":{},"s":{"0":2,"1":2,"2":2,"3":2,"4":2,"5":2},"f":{},"b":{},"inputSourceMap":null,"_coverageSchema":"1a1c01bbd47fc00a2c39e90264f33305004495a9","hash":"69bef9e7b62f7da158666ad46de3ff8f3e127090"}
,"/Users/dheerajdoppalapudi/Desktop/Templates/server/src/utils/prisma.js": {"path":"/Users/dheerajdoppalapudi/Desktop/Templates/server/src/utils/prisma.js","statementMap":{"0":{"start":{"line":3,"column":11},"end":{"line":3,"column":29}}},"fnMap":{},"branchMap":{},"s":{"0":2},"f":{},"b":{},"inputSourceMap":null,"_coverageSchema":"1a1c01bbd47fc00a2c39e90264f33305004495a9","hash":"e86c7bbb5a1433374941045d431442d8323c823b"}
,"/Users/dheerajdoppalapudi/Desktop/Templates/server/src/utils/testSetup.js": {"path":"/Users/dheerajdoppalapudi/Desktop/Templates/server/src/utils/testSetup.js","statementMap":{"0":{"start":{"line":4,"column":15},"end":{"line":4,"column":33}},"1":{"start":{"line":9,"column":27},"end":{"line":41,"column":1}},"2":{"start":{"line":10,"column":2},"end":{"line":40,"column":3}},"3":{"start":{"line":12,"column":26},"end":{"line":12,"column":59}},"4":{"start":{"line":13,"column":4},"end":{"line":22,"column":7}},"5":{"start":{"line":25,"column":25},"end":{"line":25,"column":57}},"6":{"start":{"line":26,"column":4},"end":{"line":35,"column":7}},"7":{"start":{"line":37,"column":4},"end":{"line":37,"column":49}},"8":{"start":{"line":39,"column":4},"end":{"line":39,"column":60}},"9":{"start":{"line":46,"column":29},"end":{"line":88,"column":1}},"10":{"start":{"line":47,"column":2},"end":{"line":87,"column":3}},"11":{"start":{"line":49,"column":4},"end":{"line":82,"column":7}},"12":{"start":{"line":84,"column":4},"end":{"line":84,"column":51}},"13":{"start":{"line":86,"column":4},"end":{"line":86,"column":61}},"14":{"start":{"line":93,"column":37},"end":{"line":95,"column":1}},"15":{"start":{"line":94,"column":2},"end":{"line":94,"column":29}}},"fnMap":{"0":{"name":"(anonymous_0)","decl":{"start":{"line":9,"column":27},"end":{"line":9,"column":28}},"loc":{"start":{"line":9,"column":39},"end":{"line":41,"column":1}},"line":9},"1":{"name":"(anonymous_1)","decl":{"start":{"line":46,"column":29},"end":{"line":46,"column":30}},"loc":{"start":{"line":46,"column":41},"end":{"line":88,"column":1}},"line":46},"2":{"name":"(anonymous_2)","decl":{"start":{"line":93,"column":37},"end":{"line":93,"column":38}},"loc":{"start":{"line":93,"column":49},"end":{"line":95,"column":1}},"line":93}},"branchMap":{},"s":{"0":2,"1":2,"2":2,"3":2,"4":2,"5":2,"6":2,"7":2,"8":0,"9":2,"10":2,"11":2,"12":2,"13":0,"14":2,"15":2},"f":{"0":2,"1":2,"2":2},"b":{},"inputSourceMap":null,"_coverageSchema":"1a1c01bbd47fc00a2c39e90264f33305004495a9","hash":"a0151a82a1f1944f9d936cc69f67fa60dcb51c49"}
}
