TN:
SF:src/app.js
FN:21,(anonymous_0)
FNF:1
FNH:0
FNDA:0,(anonymous_0)
DA:8,2
DA:11,2
DA:14,2
DA:15,2
DA:18,2
DA:21,2
DA:22,0
DA:23,0
LF:8
LH:6
BRF:0
BRH:0
end_of_record
TN:
SF:src/config/corsConfig.js
FNF:0
FNH:0
DA:1,2
LF:1
LH:1
BRF:0
BRH:0
end_of_record
TN:
SF:src/controllers/userController.js
FN:9,(anonymous_0)
FN:47,(anonymous_1)
FN:84,(anonymous_2)
FN:98,(anonymous_3)
FN:119,(anonymous_4)
FNF:5
FNH:5
FNDA:9,(anonymous_0)
FNDA:6,(anonymous_1)
FNDA:2,(anonymous_2)
FNDA:2,(anonymous_3)
FNDA:2,(anonymous_4)
DA:6,2
DA:7,2
DA:9,2
DA:10,9
DA:12,9
DA:13,1
DA:17,8
DA:19,8
DA:20,2
DA:23,6
DA:25,6
DA:26,6
DA:36,5
DA:38,5
DA:43,1
DA:47,2
DA:48,6
DA:50,6
DA:51,1
DA:54,5
DA:56,5
DA:57,5
DA:59,4
DA:60,4
DA:63,3
DA:72,3
DA:74,3
DA:79,0
DA:80,0
DA:84,2
DA:85,2
DA:86,2
DA:87,2
DA:90,2
DA:92,2
DA:94,0
DA:98,2
DA:99,2
DA:101,2
DA:102,2
DA:108,2
DA:110,2
DA:115,0
DA:119,2
DA:120,2
DA:121,2
DA:132,2
DA:134,0
LF:48
LH:43
BRDA:7,0,0,2
BRDA:7,0,1,0
BRDA:12,1,0,1
BRDA:12,1,1,8
BRDA:12,2,0,9
BRDA:12,2,1,8
BRDA:17,3,0,8
BRDA:17,3,1,2
BRDA:19,4,0,2
BRDA:19,4,1,6
BRDA:31,5,0,6
BRDA:31,5,1,2
BRDA:50,6,0,1
BRDA:50,6,1,5
BRDA:57,7,0,1
BRDA:57,7,1,4
BRDA:60,8,0,1
BRDA:60,8,1,3
BRDA:87,9,0,0
BRDA:87,9,1,2
BRF:20
BRH:18
end_of_record
TN:
SF:src/middleware/auth.js
FN:12,(anonymous_0)
FN:26,(anonymous_1)
FN:33,(anonymous_2)
FN:34,(anonymous_3)
FNF:4
FNH:4
FNDA:16,(anonymous_0)
FNDA:6,(anonymous_1)
FNDA:2,(anonymous_2)
FNDA:2,(anonymous_3)
DA:4,3
DA:5,3
DA:7,0
DA:10,3
DA:12,3
DA:13,16
DA:14,16
DA:16,11
DA:17,11
DA:18,9
DA:19,9
DA:21,2
DA:22,2
DA:26,3
DA:27,6
DA:28,3
DA:30,3
DA:33,3
DA:34,2
DA:35,2
DA:36,1
DA:38,1
LF:22
LH:21
BRDA:4,0,0,3
BRDA:4,0,1,0
BRDA:10,1,0,3
BRDA:10,1,1,0
BRDA:14,2,0,5
BRDA:14,2,1,11
BRDA:27,3,0,3
BRDA:27,3,1,3
BRDA:35,4,0,1
BRDA:35,4,1,1
BRF:10
BRH:8
end_of_record
TN:
SF:src/routes/userRoutes.js
FNF:0
FNH:0
DA:5,2
DA:8,2
DA:9,2
DA:12,2
DA:13,2
DA:16,2
LF:6
LH:6
BRF:0
BRH:0
end_of_record
TN:
SF:src/utils/prisma.js
FNF:0
FNH:0
DA:3,2
LF:1
LH:1
BRF:0
BRH:0
end_of_record
TN:
SF:src/utils/testSetup.js
FN:9,(anonymous_0)
FN:46,(anonymous_1)
FN:93,(anonymous_2)
FNF:3
FNH:3
FNDA:2,(anonymous_0)
FNDA:2,(anonymous_1)
FNDA:2,(anonymous_2)
DA:4,2
DA:9,2
DA:10,2
DA:12,2
DA:13,2
DA:25,2
DA:26,2
DA:37,2
DA:39,0
DA:46,2
DA:47,2
DA:49,2
DA:84,2
DA:86,0
DA:93,2
DA:94,2
LF:16
LH:14
BRF:0
BRH:0
end_of_record
